21:41:40.940 [main                     ] DEBUG GameApplication      - Logger initialized
21:41:40.952 [main                     ] DEBUG GameApplication      - Logging settings
Title: Snake Game App
Version: 0.1
Width: 600
Height: 600
Fullscreen: false
Intro: false
Menus: false
Profiling: false
Single step:false
App Mode: DEVELOPER
Menu Key: ESCAPE
Stage Style: DECORATED
Scene Factory: class com.almasb.fxgl.app.scene.SceneFactory

21:41:41.323 [JavaFX Application Thread] DEBUG GameApplication      - Initializing FXGL
21:41:41.346 [JavaFX Application Thread] INFO  Engine               - FXGL-11.8 (08.03.2020 09.09) on MAC (J:15.0.2 FX:15.0.1)
21:41:41.346 [JavaFX Application Thread] INFO  Engine               - Source code and latest versions at: https://github.com/AlmasB/FXGL
21:41:41.346 [JavaFX Application Thread] INFO  Engine               -              Join the FXGL chat at: https://gitter.im/AlmasB/FXGL
21:41:41.428 [JavaFX Application Thread] DEBUG MainWindow           - Creating a JavaFX scene
21:41:41.497 [JavaFX Application Thread] DEBUG MainWindow           - Target settings size: 600.0 x 600.0
21:41:41.497 [JavaFX Application Thread] DEBUG MainWindow           - Scaled scene size:    600.0 x 600.0
21:41:41.497 [JavaFX Application Thread] DEBUG MainWindow           - Scaled ratio: (1.0, 1.0)
21:41:41.499 [JavaFX Application Thread] DEBUG MainWindow           - Set initial scene to FXGLStartupScene
21:41:41.505 [JavaFX Application Thread] DEBUG MainWindow           - Opening main window
21:41:41.582 [JavaFX Application Thread] DEBUG MainWindow           - Window border size: (0.0, 28.0)
21:41:41.583 [JavaFX Application Thread] DEBUG MainWindow           - Scaled size: 600.0 x 600.0
21:41:41.583 [JavaFX Application Thread] DEBUG MainWindow           - Scaled ratio: (1.0, 1.0)
21:41:41.583 [JavaFX Application Thread] DEBUG MainWindow           - Scene size: 600.0 x 600.0
21:41:41.583 [JavaFX Application Thread] DEBUG MainWindow           - Stage size: 600.0 x 628.0
21:41:41.592 [FXGL Background Thread 1 ] DEBUG Engine               - Initializing environment variables
21:41:41.621 [FXGL Background Thread 1 ] DEBUG WindowService        - Applying CSS: fxgl_dark.css
21:41:41.621 [FXGL Background Thread 1 ] DEBUG AssetLoaderService   - Loading from file system: /assets/ui/css/fxgl_dark.css
21:41:41.676 [FXGL Background Thread 1 ] DEBUG WindowService        - Initializing application scenes
21:41:42.017 [FXGL Background Thread 1 ] DEBUG GameWorld            - Game world initialized
21:41:42.045 [FXGL Background Thread 1 ] DEBUG PhysicsWorld         - Physics world initialized: appHeight=600, physics.ppm=50,0
21:41:42.047 [FXGL Background Thread 1 ] DEBUG GameScene            - Game scene initialized: 600x600
21:41:42.053 [FXGL Background Thread 1 ] DEBUG Input                - Registered new binding: Resume - Esc
21:41:42.057 [FXGL Background Thread 1 ] DEBUG AssetLoaderService   - Loading from file system: /assets/textures/pause_menu_bg.png
21:41:42.101 [FXGL Background Thread 1 ] DEBUG Input                - Registered new binding: Pause - Esc
21:41:42.101 [FXGL Background Thread 1 ] DEBUG WindowService        - Application scenes initialized
21:41:42.107 [FXGL Background Thread 1 ] DEBUG SystemBundleService  - Loading FXGL system data
21:41:42.112 [FXGL Background Thread 1 ] DEBUG FileSystemAccess     - Reading from: /Users/dealcantarac/projects/private/gamesfx/system/fxgl.bundle
21:41:42.117 [FXGL Background Thread 1 ] DEBUG SystemBundleService  - Bundle FXGL: {}
21:41:42.118 [FXGL Background Thread 1 ] INFO  Engine               - FXGL initialization took: 0,523 sec
21:41:42.119 [FXGL Background Thread 1 ] DEBUG GameApplication      - Loading localizations
21:41:42.120 [FXGL Background Thread 1 ] DEBUG AssetLoaderService   - Loading from file system: /assets/properties/languages/english.properties
21:41:42.121 [FXGL Background Thread 1 ] DEBUG AssetLoaderService   - Loading from file system: /assets/properties/languages/french.properties
21:41:42.122 [FXGL Background Thread 1 ] DEBUG AssetLoaderService   - Loading from file system: /assets/properties/languages/german.properties
21:41:42.123 [FXGL Background Thread 1 ] DEBUG AssetLoaderService   - Loading from file system: /assets/properties/languages/hungarian.properties
21:41:42.124 [FXGL Background Thread 1 ] DEBUG AssetLoaderService   - Loading from file system: /assets/properties/languages/russian.properties
21:41:42.125 [FXGL Background Thread 1 ] DEBUG GameApplication      - Registering font factories with UI factory
21:41:42.125 [FXGL Background Thread 1 ] DEBUG AssetLoaderService   - Loading from file system: /assets/ui/fonts/VarelaRound-Regular.ttf
21:41:42.172 [FXGL Background Thread 1 ] DEBUG AssetLoaderService   - Loading from file system: /assets/ui/fonts/Abel-Regular.ttf
21:41:42.178 [FXGL Background Thread 1 ] DEBUG AssetLoaderService   - Loading from file system: /assets/ui/fonts/lucida_console.ttf
21:41:42.183 [FXGL Background Thread 1 ] DEBUG AssetLoaderService   - Loading from file system: /assets/ui/fonts/Courier-Prime.ttf
21:41:42.190 [JavaFX Application Thread] DEBUG Input                - Registered new binding: Move Up - Up
21:41:42.191 [JavaFX Application Thread] DEBUG Input                - Registered new binding: Move Left - Left
21:41:42.191 [JavaFX Application Thread] DEBUG Input                - Registered new binding: Move Down - Down
21:41:42.191 [JavaFX Application Thread] DEBUG Input                - Registered new binding: Move Right - Right
21:41:42.191 [JavaFX Application Thread] DEBUG AssetLoaderService   - Loading from file system: /assets/textures/fxgl_icon.png
21:41:42.215 [JavaFX Application Thread] DEBUG AssetLoaderService   - Loading from file system: /assets/ui/cursors/fxgl_default.png
21:41:42.217 [JavaFX Application Thread] DEBUG Input                - Registered new binding: Screenshot - P
21:41:42.218 [JavaFX Application Thread] DEBUG Input                - Registered new binding: System info dump - CTRL+9
21:41:42.218 [JavaFX Application Thread] DEBUG Input                - Registered new binding: Restart - CTRL+R
21:41:42.219 [JavaFX Application Thread] DEBUG LoopRunner           - Starting loop
21:41:42.345 [JavaFX Application Thread] DEBUG FXGLStartupScene     - STARTUP
21:41:42.345 [JavaFX Application Thread] DEBUG WindowService        - Starting new game
21:41:42.347 [JavaFX Application Thread] DEBUG Input                - Clearing active input actions
21:41:42.354 [JavaFX Application Thread] DEBUG WindowService        - Removing overlay from FXGLStartupScene and adding to FXGLLoadingScene
21:41:42.355 [JavaFX Application Thread] DEBUG MainWindow           - FXGLStartupScene -> FXGLLoadingScene
21:41:42.355 [JavaFX Application Thread] DEBUG WindowService        - Clearing previous game
21:41:42.355 [JavaFX Application Thread] DEBUG GameScene            - Clearing game scene
21:41:42.355 [JavaFX Application Thread] DEBUG GameWorld            - Clearing game world
21:41:42.355 [JavaFX Application Thread] DEBUG PhysicsWorld         - Clearing physics world
21:41:42.357 [FXGL Background Thread 1 ] DEBUG GameApplication      - Initializing game
21:41:42.391 [FXGL Background Thread 1 ] INFO  GameApplication      - Game initialization took: 0,034 sec
21:41:42.416 [JavaFX Application Thread] DEBUG Input                - Clearing active input actions
21:41:42.425 [JavaFX Application Thread] DEBUG WindowService        - Removing overlay from FXGLLoadingScene and adding to GameScene
21:41:42.425 [JavaFX Application Thread] DEBUG MainWindow           - FXGLLoadingScene -> GameScene
21:41:43.740 [JavaFX Application Thread] DEBUG LoopRunner           - Stopping loop
21:41:45.119 [FXGL Background Thread 2 ] DEBUG Engine               - Logging environment variables
21:41:45.119 [FXGL Background Thread 2 ] DEBUG Engine               - achievements: []
21:41:45.119 [FXGL Background Thread 2 ] DEBUG Engine               - language: ObjectProperty [value: ENGLISH]
21:41:45.120 [FXGL Background Thread 2 ] DEBUG Engine               - isCloseConfirmation: false
21:41:45.120 [FXGL Background Thread 2 ] DEBUG Engine               - isProfilingEnabled: false
21:41:45.120 [FXGL Background Thread 2 ] DEBUG Engine               - soundNotification: core/notification.wav
21:41:45.120 [FXGL Background Thread 2 ] DEBUG Engine               - devShowBBoxProperty: BooleanProperty [value: false]
21:41:45.120 [FXGL Background Thread 2 ] DEBUG Engine               - pixelsPerMeter: 50.0
21:41:45.121 [FXGL Background Thread 2 ] DEBUG Engine               - appIcon: fxgl_icon.png
21:41:45.121 [FXGL Background Thread 2 ] DEBUG Engine               - soundMenuBack: menu/back.wav
21:41:45.121 [FXGL Background Thread 2 ] DEBUG Engine               - isFullScreenAllowed: false
21:41:45.121 [FXGL Background Thread 2 ] DEBUG Engine               - isIntroEnabled: false
21:41:45.121 [FXGL Background Thread 2 ] DEBUG Engine               - fontMono: lucida_console.ttf
21:41:45.122 [FXGL Background Thread 2 ] DEBUG Engine               - soundMenuSelect: menu/select.wav
21:41:45.122 [FXGL Background Thread 2 ] DEBUG Engine               - isWindows: false
21:41:45.122 [FXGL Background Thread 2 ] DEBUG Engine               - isUserProfileEnabled: false
21:41:45.122 [FXGL Background Thread 2 ] DEBUG Engine               - isMobile: false
21:41:45.122 [FXGL Background Thread 2 ] DEBUG Engine               - height: 600
21:41:45.123 [FXGL Background Thread 2 ] DEBUG Engine               - isExperimentalNative: false
21:41:45.123 [FXGL Background Thread 2 ] DEBUG Engine               - settings: Title: Snake Game App
Version: 0.1
Width: 600
Height: 600
Fullscreen: false
Intro: false
Menus: false
Profiling: false
Single step:false
App Mode: DEVELOPER
Menu Key: ESCAPE
Stage Style: DECORATED
Scene Factory: class com.almasb.fxgl.app.scene.SceneFactory

21:41:45.123 [FXGL Background Thread 2 ] DEBUG Engine               - isSingleStep: false
21:41:45.123 [FXGL Background Thread 2 ] DEBUG Engine               - cSSList: [fxgl_dark.css]
21:41:45.123 [FXGL Background Thread 2 ] DEBUG Engine               - fontGame: Abel-Regular.ttf
21:41:45.123 [FXGL Background Thread 2 ] DEBUG Engine               - menuKey: ESCAPE
21:41:45.124 [FXGL Background Thread 2 ] DEBUG Engine               - devShowPositionProperty: BooleanProperty [value: false]
21:41:45.124 [FXGL Background Thread 2 ] DEBUG Engine               - versionCheckDays: 7
21:41:45.124 [FXGL Background Thread 2 ] DEBUG Engine               - configClass: Optional.empty
21:41:45.124 [FXGL Background Thread 2 ] DEBUG Engine               - isFullScreenFromStart: false
21:41:45.124 [FXGL Background Thread 2 ] DEBUG Engine               - version: 0.1
21:41:45.124 [FXGL Background Thread 2 ] DEBUG Engine               - fullScreen: BooleanProperty [value: false]
21:41:45.124 [FXGL Background Thread 2 ] DEBUG Engine               - randomSeed: -1
21:41:45.125 [FXGL Background Thread 2 ] DEBUG Engine               - gameDifficultyProperty: ObjectProperty [value: MEDIUM]
21:41:45.125 [FXGL Background Thread 2 ] DEBUG Engine               - applicationMode: DEVELOPER
21:41:45.125 [FXGL Background Thread 2 ] DEBUG Engine               - isMac: true
21:41:45.125 [FXGL Background Thread 2 ] DEBUG Engine               - isMenuEnabled: false
21:41:45.125 [FXGL Background Thread 2 ] DEBUG Engine               - urlPOM: https://raw.githubusercontent.com/AlmasB/FXGL/master/pom.xml
21:41:45.126 [FXGL Background Thread 2 ] DEBUG Engine               - profileName: StringProperty [value: DEFAULT]
21:41:45.126 [FXGL Background Thread 2 ] DEBUG Engine               - devSensorColorProperty: ObjectProperty [value: 0xffff00ff]
21:41:45.126 [FXGL Background Thread 2 ] DEBUG Engine               - notificationViewClass: class com.almasb.fxgl.notification.view.XboxNotificationView
21:41:45.126 [FXGL Background Thread 2 ] DEBUG Engine               - sceneFactory: com.almasb.fxgl.app.scene.SceneFactory@2e0980bc
21:41:45.126 [FXGL Background Thread 2 ] DEBUG Engine               - stageStyle: DECORATED
21:41:45.126 [FXGL Background Thread 2 ] DEBUG Engine               - isManualResizeEnabled: false
21:41:45.127 [FXGL Background Thread 2 ] DEBUG Engine               - title: Snake Game App
21:41:45.127 [FXGL Background Thread 2 ] DEBUG Engine               - platform: MAC
21:41:45.127 [FXGL Background Thread 2 ] DEBUG Engine               - devBBoxColorProperty: ObjectProperty [value: 0xff0000ff]
21:41:45.127 [FXGL Background Thread 2 ] DEBUG Engine               - gameDifficulty: MEDIUM
21:41:45.127 [FXGL Background Thread 2 ] DEBUG Engine               - isDesktop: true
21:41:45.128 [FXGL Background Thread 2 ] DEBUG Engine               - supportedLanguages: [ENGLISH, FRENCH, GERMAN, HUNGARIAN, RUSSIAN]
21:41:45.128 [FXGL Background Thread 2 ] DEBUG Engine               - credits: []
21:41:45.128 [FXGL Background Thread 2 ] DEBUG Engine               - globalMusicVolumeProperty: DoubleProperty [value: 0.5]
21:41:45.128 [FXGL Background Thread 2 ] DEBUG Engine               - isPreserveResizeRatio: false
21:41:45.128 [FXGL Background Thread 2 ] DEBUG Engine               - fontText: Courier-Prime.ttf
21:41:45.128 [FXGL Background Thread 2 ] DEBUG Engine               - isExperimentalTiledLargeMap: false
21:41:45.128 [FXGL Background Thread 2 ] DEBUG Engine               - secondsIn24h: 60
21:41:45.129 [FXGL Background Thread 2 ] DEBUG Engine               - runtimeInfo: RuntimeInfo(platform=MAC, version=11.8, build=08.03.2020 09.09)
21:41:45.129 [FXGL Background Thread 2 ] DEBUG Engine               - urlGithub: https://github.com/AlmasB/FXGL
21:41:45.129 [FXGL Background Thread 2 ] DEBUG Engine               - soundMenuPress: menu/press.wav
21:41:45.129 [FXGL Background Thread 2 ] DEBUG Engine               - isLinux: false
21:41:45.129 [FXGL Background Thread 2 ] DEBUG Engine               - profileDir: profiles/
21:41:45.129 [FXGL Background Thread 2 ] DEBUG Engine               - isDeveloperMenuEnabled: false
21:41:45.130 [FXGL Background Thread 2 ] DEBUG Engine               - globalSoundVolumeProperty: DoubleProperty [value: 0.5]
21:41:45.130 [FXGL Background Thread 2 ] DEBUG Engine               - mainWindow: com.almasb.fxgl.app.MainWindow@2a3601a5
21:41:45.130 [FXGL Background Thread 2 ] DEBUG Engine               - urlLeaderboard: http://fxgl-top.herokuapp.com/
21:41:45.130 [FXGL Background Thread 2 ] DEBUG Engine               - globalSoundVolume: 0.5
21:41:45.130 [FXGL Background Thread 2 ] DEBUG Engine               - isBrowser: false
21:41:45.131 [FXGL Background Thread 2 ] DEBUG Engine               - engineServices: [class com.almasb.fxgl.app.GameApplication$GameApplicationService, class com.almasb.fxgl.app.services.WindowService, class com.almasb.fxgl.app.services.FXGLDialogService, class com.almasb.fxgl.app.services.IOTaskExecutorService, class com.almasb.fxgl.event.EventBusService, class com.almasb.fxgl.io.FileSystemService, class com.almasb.fxgl.localization.LocalizationService, class com.almasb.fxgl.app.services.AssetLoaderService, class com.almasb.fxgl.app.services.SystemBundleService, class com.almasb.fxgl.profile.SaveLoadService, class com.almasb.fxgl.ui.FXGLUIFactoryServiceProvider, class com.almasb.fxgl.ui.FXGLDialogFactoryServiceProvider, class com.almasb.fxgl.audio.AudioPlayer, class com.almasb.fxgl.notification.impl.NotificationServiceProvider, class com.almasb.fxgl.achievement.AchievementService, class com.almasb.fxgl.cutscene.CutsceneService, class com.almasb.fxgl.minigames.MiniGameService, class com.almasb.fxgl.net.NetService, class com.almasb.fxgl.app.services.UpdaterService]
21:41:45.131 [FXGL Background Thread 2 ] DEBUG Engine               - globalMusicVolume: 0.5
21:41:45.131 [FXGL Background Thread 2 ] DEBUG Engine               - width: 600
21:41:45.131 [FXGL Background Thread 2 ] DEBUG Engine               - saveFileExt: sav
21:41:45.131 [FXGL Background Thread 2 ] DEBUG Engine               - isAndroid: false
21:41:45.131 [FXGL Background Thread 2 ] DEBUG Engine               - fontUI: VarelaRound-Regular.ttf
21:41:45.131 [FXGL Background Thread 2 ] DEBUG Engine               - isIOS: false
21:41:45.131 [FXGL Background Thread 2 ] DEBUG Engine               - enabledMenuItems: []
21:41:45.132 [FXGL Background Thread 2 ] DEBUG Engine               - Logging services
21:41:45.132 [FXGL Background Thread 2 ] DEBUG Engine               - class com.almasb.fxgl.app.GameApplication$GameApplicationService
21:41:45.132 [FXGL Background Thread 2 ] DEBUG Engine               - class com.almasb.fxgl.app.services.WindowService
21:41:45.132 [FXGL Background Thread 2 ] DEBUG Engine               - class com.almasb.fxgl.app.services.FXGLDialogService
21:41:45.132 [FXGL Background Thread 2 ] DEBUG Engine               - class com.almasb.fxgl.app.services.IOTaskExecutorService
21:41:45.132 [FXGL Background Thread 2 ] DEBUG Engine               - class com.almasb.fxgl.event.EventBusService
21:41:45.132 [FXGL Background Thread 2 ] DEBUG Engine               - class com.almasb.fxgl.io.FileSystemService
21:41:45.133 [FXGL Background Thread 2 ] DEBUG Engine               - class com.almasb.fxgl.localization.LocalizationService
21:41:45.133 [FXGL Background Thread 2 ] DEBUG Engine               - class com.almasb.fxgl.app.services.AssetLoaderService
21:41:45.133 [FXGL Background Thread 2 ] DEBUG Engine               - class com.almasb.fxgl.app.services.SystemBundleService
21:41:45.133 [FXGL Background Thread 2 ] DEBUG Engine               - class com.almasb.fxgl.profile.SaveLoadService
21:41:45.133 [FXGL Background Thread 2 ] DEBUG Engine               - class com.almasb.fxgl.ui.FXGLUIFactoryServiceProvider
21:41:45.133 [FXGL Background Thread 2 ] DEBUG Engine               - class com.almasb.fxgl.ui.FXGLDialogFactoryServiceProvider
21:41:45.133 [FXGL Background Thread 2 ] DEBUG Engine               - class com.almasb.fxgl.audio.AudioPlayer
21:41:45.133 [FXGL Background Thread 2 ] DEBUG Engine               - class com.almasb.fxgl.notification.impl.NotificationServiceProvider
21:41:45.134 [FXGL Background Thread 2 ] DEBUG Engine               - class com.almasb.fxgl.achievement.AchievementService
21:41:45.134 [FXGL Background Thread 2 ] DEBUG Engine               - class com.almasb.fxgl.cutscene.CutsceneService
21:41:45.134 [FXGL Background Thread 2 ] DEBUG Engine               - class com.almasb.fxgl.minigames.MiniGameService
21:41:45.134 [FXGL Background Thread 2 ] DEBUG Engine               - class com.almasb.fxgl.net.NetService
21:41:45.134 [FXGL Background Thread 2 ] DEBUG Engine               - class com.almasb.fxgl.app.services.UpdaterService
21:41:48.747 [JavaFX Application Thread] FATAL GameApplication      - Uncaught Exception:

Fatal exception occurred: java.lang.ArrayIndexOutOfBoundsException : Index 40 out of bounds for length 15
E: com.almasb.fxgl.pathfinding.Grid.get(Grid.java:117)
E: com.almasb.fxgl.pathfinding.astar.AStarPathfinder.findPath(AStarPathfinder.java:33)
E: com.almasb.fxgl.pathfinding.astar.AStarMoveComponent.moveToCell(AStarMoveComponent.java:91)
E: sample.Main$3.onActionBegin(Main.java:87)
E: com.almasb.fxgl.input.UserAction.begin$fxgl_input(UserAction.kt:37)
E: com.almasb.fxgl.input.Input.handlePressed(Input.kt:235)
E: com.almasb.fxgl.input.Input.onKeyEvent(Input.kt:182)
E: com.almasb.fxgl.app.MainWindow$1$1.invoke(MainWindow.kt:85)
E: com.almasb.fxgl.app.MainWindow$1$1.invoke(MainWindow.kt:38)
E: com.almasb.fxgl.core.fsm.StateMachine.runOnActiveStates(StateMachine.kt:60)
E: com.almasb.fxgl.app.MainWindow$1.invoke(MainWindow.kt:85)
E: com.almasb.fxgl.app.MainWindow$1.invoke(MainWindow.kt:38)
E: com.almasb.fxgl.app.MainWindow$sam$javafx_event_EventHandler$0.handle(MainWindow.kt)
E: javafx.base/com.sun.javafx.event.CompositeEventHandler$NormalEventHandlerRecord.handleBubblingEvent(CompositeEventHandler.java:247)
E: javafx.base/com.sun.javafx.event.CompositeEventHandler.dispatchBubblingEvent(CompositeEventHandler.java:80)
E: javafx.base/com.sun.javafx.event.EventHandlerManager.dispatchBubblingEvent(EventHandlerManager.java:234)
E: javafx.base/com.sun.javafx.event.EventHandlerManager.dispatchBubblingEvent(EventHandlerManager.java:191)
E: javafx.base/com.sun.javafx.event.CompositeEventDispatcher.dispatchBubblingEvent(CompositeEventDispatcher.java:59)
E: javafx.base/com.sun.javafx.event.BasicEventDispatcher.dispatchEvent(BasicEventDispatcher.java:58)
E: javafx.base/com.sun.javafx.event.EventDispatchChainImpl.dispatchEvent(EventDispatchChainImpl.java:114)
E: javafx.base/com.sun.javafx.event.BasicEventDispatcher.dispatchEvent(BasicEventDispatcher.java:56)
E: javafx.base/com.sun.javafx.event.EventDispatchChainImpl.dispatchEvent(EventDispatchChainImpl.java:114)
E: javafx.base/com.sun.javafx.event.EventUtil.fireEventImpl(EventUtil.java:74)
E: javafx.base/com.sun.javafx.event.EventUtil.fireEvent(EventUtil.java:54)
E: javafx.base/javafx.event.Event.fireEvent(Event.java:198)
E: javafx.graphics/javafx.scene.Scene$KeyHandler.process(Scene.java:4064)
E: javafx.graphics/javafx.scene.Scene.processKeyEvent(Scene.java:2123)
E: javafx.graphics/javafx.scene.Scene$ScenePeerListener.keyEvent(Scene.java:2591)
E: javafx.graphics/com.sun.javafx.tk.quantum.GlassViewEventHandler$KeyEventNotification.run(GlassViewEventHandler.java:217)
E: javafx.graphics/com.sun.javafx.tk.quantum.GlassViewEventHandler$KeyEventNotification.run(GlassViewEventHandler.java:149)
E: java.base/java.security.AccessController.doPrivileged(AccessController.java:391)
E: javafx.graphics/com.sun.javafx.tk.quantum.GlassViewEventHandler.lambda$handleKeyEvent$1(GlassViewEventHandler.java:248)
E: javafx.graphics/com.sun.javafx.tk.quantum.QuantumToolkit.runWithoutRenderLock(QuantumToolkit.java:412)
E: javafx.graphics/com.sun.javafx.tk.quantum.GlassViewEventHandler.handleKeyEvent(GlassViewEventHandler.java:247)
E: javafx.graphics/com.sun.glass.ui.View.handleKeyEvent(View.java:547)
E: javafx.graphics/com.sun.glass.ui.View.notifyKey(View.java:971)

21:41:48.748 [JavaFX Application Thread] FATAL GameApplication      - Application will now exit
21:41:48.748 [JavaFX Application Thread] DEBUG GameApplication      - Exiting FXGL
21:41:48.748 [JavaFX Application Thread] DEBUG GameApplication      - Shutting down background threads
21:41:48.748 [JavaFX Application Thread] DEBUG GameApplication      - Closing logger and exiting JavaFX
