21:22:20.005 [main                     ] DEBUG GameApplication      - Logger initialized
21:22:20.015 [main                     ] DEBUG GameApplication      - Logging settings
Title: Snake Game App
Version: 0.1
Width: 600
Height: 600
Fullscreen: false
Intro: false
Menus: false
Profiling: false
Single step:false
App Mode: DEVELOPER
Menu Key: ESCAPE
Stage Style: DECORATED
Scene Factory: class com.almasb.fxgl.app.scene.SceneFactory

21:22:20.301 [JavaFX Application Thread] DEBUG GameApplication      - Initializing FXGL
21:22:20.319 [JavaFX Application Thread] INFO  Engine               - FXGL-11.8 (08.03.2020 09.09) on MAC (J:15.0.2 FX:15.0.1)
21:22:20.319 [JavaFX Application Thread] INFO  Engine               - Source code and latest versions at: https://github.com/AlmasB/FXGL
21:22:20.320 [JavaFX Application Thread] INFO  Engine               -              Join the FXGL chat at: https://gitter.im/AlmasB/FXGL
21:22:20.406 [JavaFX Application Thread] DEBUG MainWindow           - Creating a JavaFX scene
21:22:20.458 [JavaFX Application Thread] DEBUG MainWindow           - Target settings size: 600.0 x 600.0
21:22:20.458 [JavaFX Application Thread] DEBUG MainWindow           - Scaled scene size:    600.0 x 600.0
21:22:20.459 [JavaFX Application Thread] DEBUG MainWindow           - Scaled ratio: (1.0, 1.0)
21:22:20.460 [JavaFX Application Thread] DEBUG MainWindow           - Set initial scene to FXGLStartupScene
21:22:20.464 [JavaFX Application Thread] DEBUG MainWindow           - Opening main window
21:22:20.560 [JavaFX Application Thread] DEBUG MainWindow           - Window border size: (0.0, 28.0)
21:22:20.561 [JavaFX Application Thread] DEBUG MainWindow           - Scaled size: 600.0 x 600.0
21:22:20.561 [JavaFX Application Thread] DEBUG MainWindow           - Scaled ratio: (1.0, 1.0)
21:22:20.561 [JavaFX Application Thread] DEBUG MainWindow           - Scene size: 600.0 x 600.0
21:22:20.561 [JavaFX Application Thread] DEBUG MainWindow           - Stage size: 600.0 x 628.0
21:22:20.569 [FXGL Background Thread 1 ] DEBUG Engine               - Initializing environment variables
21:22:20.596 [FXGL Background Thread 1 ] DEBUG WindowService        - Applying CSS: fxgl_dark.css
21:22:20.597 [FXGL Background Thread 1 ] DEBUG AssetLoaderService   - Loading from file system: /assets/ui/css/fxgl_dark.css
21:22:20.652 [FXGL Background Thread 1 ] DEBUG WindowService        - Initializing application scenes
21:22:21.043 [FXGL Background Thread 1 ] DEBUG GameWorld            - Game world initialized
21:22:21.070 [FXGL Background Thread 1 ] DEBUG PhysicsWorld         - Physics world initialized: appHeight=600, physics.ppm=50,0
21:22:21.072 [FXGL Background Thread 1 ] DEBUG GameScene            - Game scene initialized: 600x600
21:22:21.079 [FXGL Background Thread 1 ] DEBUG Input                - Registered new binding: Resume - Esc
21:22:21.082 [FXGL Background Thread 1 ] DEBUG AssetLoaderService   - Loading from file system: /assets/textures/pause_menu_bg.png
21:22:21.116 [FXGL Background Thread 1 ] DEBUG Input                - Registered new binding: Pause - Esc
21:22:21.116 [FXGL Background Thread 1 ] DEBUG WindowService        - Application scenes initialized
21:22:21.124 [FXGL Background Thread 1 ] DEBUG SystemBundleService  - Loading FXGL system data
21:22:21.137 [FXGL Background Thread 1 ] DEBUG FileSystemAccess     - Reading from: /Users/dealcantarac/projects/private/gamesfx/system/fxgl.bundle
21:22:21.143 [FXGL Background Thread 1 ] DEBUG SystemBundleService  - Bundle FXGL: {}
21:22:21.144 [FXGL Background Thread 1 ] INFO  Engine               - FXGL initialization took: 0,572 sec
21:22:21.145 [FXGL Background Thread 1 ] DEBUG GameApplication      - Loading localizations
21:22:21.145 [FXGL Background Thread 1 ] DEBUG AssetLoaderService   - Loading from file system: /assets/properties/languages/english.properties
21:22:21.147 [FXGL Background Thread 1 ] DEBUG AssetLoaderService   - Loading from file system: /assets/properties/languages/french.properties
21:22:21.148 [FXGL Background Thread 1 ] DEBUG AssetLoaderService   - Loading from file system: /assets/properties/languages/german.properties
21:22:21.149 [FXGL Background Thread 1 ] DEBUG AssetLoaderService   - Loading from file system: /assets/properties/languages/hungarian.properties
21:22:21.150 [FXGL Background Thread 1 ] DEBUG AssetLoaderService   - Loading from file system: /assets/properties/languages/russian.properties
21:22:21.152 [FXGL Background Thread 1 ] DEBUG GameApplication      - Registering font factories with UI factory
21:22:21.152 [FXGL Background Thread 1 ] DEBUG AssetLoaderService   - Loading from file system: /assets/ui/fonts/VarelaRound-Regular.ttf
21:22:21.193 [FXGL Background Thread 1 ] DEBUG AssetLoaderService   - Loading from file system: /assets/ui/fonts/Abel-Regular.ttf
21:22:21.197 [FXGL Background Thread 1 ] DEBUG AssetLoaderService   - Loading from file system: /assets/ui/fonts/lucida_console.ttf
21:22:21.201 [FXGL Background Thread 1 ] DEBUG AssetLoaderService   - Loading from file system: /assets/ui/fonts/Courier-Prime.ttf
21:22:21.208 [JavaFX Application Thread] DEBUG Input                - Registered new binding: Move Up - Up
21:22:21.208 [JavaFX Application Thread] DEBUG Input                - Registered new binding: Move Left - Left
21:22:21.208 [JavaFX Application Thread] DEBUG Input                - Registered new binding: Move Down - Down
21:22:21.208 [JavaFX Application Thread] DEBUG Input                - Registered new binding: Move Right - Right
21:22:21.209 [JavaFX Application Thread] DEBUG AssetLoaderService   - Loading from file system: /assets/textures/fxgl_icon.png
21:22:21.237 [JavaFX Application Thread] DEBUG AssetLoaderService   - Loading from file system: /assets/ui/cursors/fxgl_default.png
21:22:21.239 [JavaFX Application Thread] DEBUG Input                - Registered new binding: Screenshot - P
21:22:21.239 [JavaFX Application Thread] DEBUG Input                - Registered new binding: System info dump - CTRL+9
21:22:21.239 [JavaFX Application Thread] DEBUG Input                - Registered new binding: Restart - CTRL+R
21:22:21.240 [JavaFX Application Thread] DEBUG LoopRunner           - Starting loop
21:22:21.273 [JavaFX Application Thread] DEBUG FXGLStartupScene     - STARTUP
21:22:21.273 [JavaFX Application Thread] DEBUG WindowService        - Starting new game
21:22:21.275 [JavaFX Application Thread] DEBUG Input                - Clearing active input actions
21:22:21.283 [JavaFX Application Thread] DEBUG WindowService        - Removing overlay from FXGLStartupScene and adding to FXGLLoadingScene
21:22:21.283 [JavaFX Application Thread] DEBUG MainWindow           - FXGLStartupScene -> FXGLLoadingScene
21:22:21.284 [JavaFX Application Thread] DEBUG WindowService        - Clearing previous game
21:22:21.284 [JavaFX Application Thread] DEBUG GameScene            - Clearing game scene
21:22:21.284 [JavaFX Application Thread] DEBUG GameWorld            - Clearing game world
21:22:21.284 [JavaFX Application Thread] DEBUG PhysicsWorld         - Clearing physics world
21:22:21.285 [FXGL Background Thread 1 ] DEBUG GameApplication      - Initializing game
21:22:21.317 [FXGL Background Thread 1 ] INFO  GameApplication      - Game initialization took: 0,032 sec
21:22:21.354 [JavaFX Application Thread] DEBUG Input                - Clearing active input actions
21:22:21.359 [JavaFX Application Thread] DEBUG WindowService        - Removing overlay from FXGLLoadingScene and adding to GameScene
21:22:21.360 [JavaFX Application Thread] DEBUG MainWindow           - FXGLLoadingScene -> GameScene
21:22:23.756 [JavaFX Application Thread] DEBUG LoopRunner           - Stopping loop
21:22:24.145 [FXGL Background Thread 2 ] DEBUG Engine               - Logging environment variables
21:22:24.146 [FXGL Background Thread 2 ] DEBUG Engine               - achievements: []
21:22:24.146 [FXGL Background Thread 2 ] DEBUG Engine               - language: ObjectProperty [value: ENGLISH]
21:22:24.146 [FXGL Background Thread 2 ] DEBUG Engine               - isCloseConfirmation: false
21:22:24.147 [FXGL Background Thread 2 ] DEBUG Engine               - isProfilingEnabled: false
21:22:24.147 [FXGL Background Thread 2 ] DEBUG Engine               - soundNotification: core/notification.wav
21:22:24.147 [FXGL Background Thread 2 ] DEBUG Engine               - devShowBBoxProperty: BooleanProperty [value: false]
21:22:24.147 [FXGL Background Thread 2 ] DEBUG Engine               - pixelsPerMeter: 50.0
21:22:24.148 [FXGL Background Thread 2 ] DEBUG Engine               - appIcon: fxgl_icon.png
21:22:24.148 [FXGL Background Thread 2 ] DEBUG Engine               - soundMenuBack: menu/back.wav
21:22:24.148 [FXGL Background Thread 2 ] DEBUG Engine               - isFullScreenAllowed: false
21:22:24.148 [FXGL Background Thread 2 ] DEBUG Engine               - isIntroEnabled: false
21:22:24.148 [FXGL Background Thread 2 ] DEBUG Engine               - fontMono: lucida_console.ttf
21:22:24.149 [FXGL Background Thread 2 ] DEBUG Engine               - soundMenuSelect: menu/select.wav
21:22:24.149 [FXGL Background Thread 2 ] DEBUG Engine               - isWindows: false
21:22:24.149 [FXGL Background Thread 2 ] DEBUG Engine               - isMobile: false
21:22:24.149 [FXGL Background Thread 2 ] DEBUG Engine               - isUserProfileEnabled: false
21:22:24.150 [FXGL Background Thread 2 ] DEBUG Engine               - height: 600
21:22:24.150 [FXGL Background Thread 2 ] DEBUG Engine               - isExperimentalNative: false
21:22:24.150 [FXGL Background Thread 2 ] DEBUG Engine               - settings: Title: Snake Game App
Version: 0.1
Width: 600
Height: 600
Fullscreen: false
Intro: false
Menus: false
Profiling: false
Single step:false
App Mode: DEVELOPER
Menu Key: ESCAPE
Stage Style: DECORATED
Scene Factory: class com.almasb.fxgl.app.scene.SceneFactory

21:22:24.150 [FXGL Background Thread 2 ] DEBUG Engine               - isSingleStep: false
21:22:24.150 [FXGL Background Thread 2 ] DEBUG Engine               - cSSList: [fxgl_dark.css]
21:22:24.150 [FXGL Background Thread 2 ] DEBUG Engine               - fontGame: Abel-Regular.ttf
21:22:24.151 [FXGL Background Thread 2 ] DEBUG Engine               - menuKey: ESCAPE
21:22:24.151 [FXGL Background Thread 2 ] DEBUG Engine               - devShowPositionProperty: BooleanProperty [value: false]
21:22:24.151 [FXGL Background Thread 2 ] DEBUG Engine               - versionCheckDays: 7
21:22:24.151 [FXGL Background Thread 2 ] DEBUG Engine               - configClass: Optional.empty
21:22:24.151 [FXGL Background Thread 2 ] DEBUG Engine               - isFullScreenFromStart: false
21:22:24.152 [FXGL Background Thread 2 ] DEBUG Engine               - version: 0.1
21:22:24.152 [FXGL Background Thread 2 ] DEBUG Engine               - fullScreen: BooleanProperty [value: false]
21:22:24.152 [FXGL Background Thread 2 ] DEBUG Engine               - randomSeed: -1
21:22:24.152 [FXGL Background Thread 2 ] DEBUG Engine               - gameDifficultyProperty: ObjectProperty [value: MEDIUM]
21:22:24.152 [FXGL Background Thread 2 ] DEBUG Engine               - applicationMode: DEVELOPER
21:22:24.152 [FXGL Background Thread 2 ] DEBUG Engine               - isMac: true
21:22:24.153 [FXGL Background Thread 2 ] DEBUG Engine               - isMenuEnabled: false
21:22:24.153 [FXGL Background Thread 2 ] DEBUG Engine               - urlPOM: https://raw.githubusercontent.com/AlmasB/FXGL/master/pom.xml
21:22:24.153 [FXGL Background Thread 2 ] DEBUG Engine               - profileName: StringProperty [value: DEFAULT]
21:22:24.153 [FXGL Background Thread 2 ] DEBUG Engine               - notificationViewClass: class com.almasb.fxgl.notification.view.XboxNotificationView
21:22:24.153 [FXGL Background Thread 2 ] DEBUG Engine               - devSensorColorProperty: ObjectProperty [value: 0xffff00ff]
21:22:24.154 [FXGL Background Thread 2 ] DEBUG Engine               - sceneFactory: com.almasb.fxgl.app.scene.SceneFactory@1b0671d
21:22:24.154 [FXGL Background Thread 2 ] DEBUG Engine               - stageStyle: DECORATED
21:22:24.154 [FXGL Background Thread 2 ] DEBUG Engine               - isManualResizeEnabled: false
21:22:24.154 [FXGL Background Thread 2 ] DEBUG Engine               - title: Snake Game App
21:22:24.154 [FXGL Background Thread 2 ] DEBUG Engine               - platform: MAC
21:22:24.154 [FXGL Background Thread 2 ] DEBUG Engine               - devBBoxColorProperty: ObjectProperty [value: 0xff0000ff]
21:22:24.155 [FXGL Background Thread 2 ] DEBUG Engine               - gameDifficulty: MEDIUM
21:22:24.155 [FXGL Background Thread 2 ] DEBUG Engine               - isDesktop: true
21:22:24.155 [FXGL Background Thread 2 ] DEBUG Engine               - supportedLanguages: [ENGLISH, FRENCH, GERMAN, HUNGARIAN, RUSSIAN]
21:22:24.155 [FXGL Background Thread 2 ] DEBUG Engine               - credits: []
21:22:24.155 [FXGL Background Thread 2 ] DEBUG Engine               - globalMusicVolumeProperty: DoubleProperty [value: 0.5]
21:22:24.155 [FXGL Background Thread 2 ] DEBUG Engine               - isPreserveResizeRatio: false
21:22:24.156 [FXGL Background Thread 2 ] DEBUG Engine               - fontText: Courier-Prime.ttf
21:22:24.156 [FXGL Background Thread 2 ] DEBUG Engine               - isExperimentalTiledLargeMap: false
21:22:24.156 [FXGL Background Thread 2 ] DEBUG Engine               - secondsIn24h: 60
21:22:24.156 [FXGL Background Thread 2 ] DEBUG Engine               - runtimeInfo: RuntimeInfo(platform=MAC, version=11.8, build=08.03.2020 09.09)
21:22:24.156 [FXGL Background Thread 2 ] DEBUG Engine               - isLinux: false
21:22:24.156 [FXGL Background Thread 2 ] DEBUG Engine               - soundMenuPress: menu/press.wav
21:22:24.157 [FXGL Background Thread 2 ] DEBUG Engine               - urlGithub: https://github.com/AlmasB/FXGL
21:22:24.157 [FXGL Background Thread 2 ] DEBUG Engine               - profileDir: profiles/
21:22:24.157 [FXGL Background Thread 2 ] DEBUG Engine               - isDeveloperMenuEnabled: false
21:22:24.157 [FXGL Background Thread 2 ] DEBUG Engine               - globalSoundVolumeProperty: DoubleProperty [value: 0.5]
21:22:24.157 [FXGL Background Thread 2 ] DEBUG Engine               - mainWindow: com.almasb.fxgl.app.MainWindow@58ff3f3
21:22:24.157 [FXGL Background Thread 2 ] DEBUG Engine               - isBrowser: false
21:22:24.158 [FXGL Background Thread 2 ] DEBUG Engine               - urlLeaderboard: http://fxgl-top.herokuapp.com/
21:22:24.158 [FXGL Background Thread 2 ] DEBUG Engine               - globalSoundVolume: 0.5
21:22:24.158 [FXGL Background Thread 2 ] DEBUG Engine               - engineServices: [class com.almasb.fxgl.app.GameApplication$GameApplicationService, class com.almasb.fxgl.app.services.WindowService, class com.almasb.fxgl.app.services.FXGLDialogService, class com.almasb.fxgl.app.services.IOTaskExecutorService, class com.almasb.fxgl.event.EventBusService, class com.almasb.fxgl.io.FileSystemService, class com.almasb.fxgl.localization.LocalizationService, class com.almasb.fxgl.app.services.AssetLoaderService, class com.almasb.fxgl.app.services.SystemBundleService, class com.almasb.fxgl.profile.SaveLoadService, class com.almasb.fxgl.ui.FXGLUIFactoryServiceProvider, class com.almasb.fxgl.ui.FXGLDialogFactoryServiceProvider, class com.almasb.fxgl.audio.AudioPlayer, class com.almasb.fxgl.notification.impl.NotificationServiceProvider, class com.almasb.fxgl.achievement.AchievementService, class com.almasb.fxgl.cutscene.CutsceneService, class com.almasb.fxgl.minigames.MiniGameService, class com.almasb.fxgl.net.NetService, class com.almasb.fxgl.app.services.UpdaterService]
21:22:24.158 [FXGL Background Thread 2 ] DEBUG Engine               - globalMusicVolume: 0.5
21:22:24.158 [FXGL Background Thread 2 ] DEBUG Engine               - width: 600
21:22:24.158 [FXGL Background Thread 2 ] DEBUG Engine               - saveFileExt: sav
21:22:24.158 [FXGL Background Thread 2 ] DEBUG Engine               - isAndroid: false
21:22:24.159 [FXGL Background Thread 2 ] DEBUG Engine               - fontUI: VarelaRound-Regular.ttf
21:22:24.159 [FXGL Background Thread 2 ] DEBUG Engine               - enabledMenuItems: []
21:22:24.159 [FXGL Background Thread 2 ] DEBUG Engine               - isIOS: false
21:22:24.159 [FXGL Background Thread 2 ] DEBUG Engine               - Logging services
21:22:24.159 [FXGL Background Thread 2 ] DEBUG Engine               - class com.almasb.fxgl.app.GameApplication$GameApplicationService
21:22:24.159 [FXGL Background Thread 2 ] DEBUG Engine               - class com.almasb.fxgl.app.services.WindowService
21:22:24.159 [FXGL Background Thread 2 ] DEBUG Engine               - class com.almasb.fxgl.app.services.FXGLDialogService
21:22:24.160 [FXGL Background Thread 2 ] DEBUG Engine               - class com.almasb.fxgl.app.services.IOTaskExecutorService
21:22:24.160 [FXGL Background Thread 2 ] DEBUG Engine               - class com.almasb.fxgl.event.EventBusService
21:22:24.160 [FXGL Background Thread 2 ] DEBUG Engine               - class com.almasb.fxgl.io.FileSystemService
21:22:24.160 [FXGL Background Thread 2 ] DEBUG Engine               - class com.almasb.fxgl.localization.LocalizationService
21:22:24.160 [FXGL Background Thread 2 ] DEBUG Engine               - class com.almasb.fxgl.app.services.AssetLoaderService
21:22:24.160 [FXGL Background Thread 2 ] DEBUG Engine               - class com.almasb.fxgl.app.services.SystemBundleService
21:22:24.160 [FXGL Background Thread 2 ] DEBUG Engine               - class com.almasb.fxgl.profile.SaveLoadService
21:22:24.160 [FXGL Background Thread 2 ] DEBUG Engine               - class com.almasb.fxgl.ui.FXGLUIFactoryServiceProvider
21:22:24.161 [FXGL Background Thread 2 ] DEBUG Engine               - class com.almasb.fxgl.ui.FXGLDialogFactoryServiceProvider
21:22:24.161 [FXGL Background Thread 2 ] DEBUG Engine               - class com.almasb.fxgl.audio.AudioPlayer
21:22:24.161 [FXGL Background Thread 2 ] DEBUG Engine               - class com.almasb.fxgl.notification.impl.NotificationServiceProvider
21:22:24.161 [FXGL Background Thread 2 ] DEBUG Engine               - class com.almasb.fxgl.achievement.AchievementService
21:22:24.161 [FXGL Background Thread 2 ] DEBUG Engine               - class com.almasb.fxgl.cutscene.CutsceneService
21:22:24.161 [FXGL Background Thread 2 ] DEBUG Engine               - class com.almasb.fxgl.minigames.MiniGameService
21:22:24.161 [FXGL Background Thread 2 ] DEBUG Engine               - class com.almasb.fxgl.net.NetService
21:22:24.162 [FXGL Background Thread 2 ] DEBUG Engine               - class com.almasb.fxgl.app.services.UpdaterService
21:22:47.105 [JavaFX Application Thread] FATAL GameApplication      - Uncaught Exception:

Fatal exception occurred: java.lang.ArrayIndexOutOfBoundsException : Index 80 out of bounds for length 15
E: com.almasb.fxgl.pathfinding.Grid.get(Grid.java:117)
E: com.almasb.fxgl.pathfinding.astar.AStarPathfinder.findPath(AStarPathfinder.java:33)
E: com.almasb.fxgl.pathfinding.astar.AStarMoveComponent.moveToCell(AStarMoveComponent.java:91)
E: com.almasb.fxgl.pathfinding.astar.AStarMoveComponent.moveToCell(AStarMoveComponent.java:83)
E: sample.Main$3.onActionBegin(Main.java:84)
E: com.almasb.fxgl.input.UserAction.begin$fxgl_input(UserAction.kt:37)
E: com.almasb.fxgl.input.Input.handlePressed(Input.kt:235)
E: com.almasb.fxgl.input.Input.onKeyEvent(Input.kt:182)
E: com.almasb.fxgl.app.MainWindow$1$1.invoke(MainWindow.kt:85)
E: com.almasb.fxgl.app.MainWindow$1$1.invoke(MainWindow.kt:38)
E: com.almasb.fxgl.core.fsm.StateMachine.runOnActiveStates(StateMachine.kt:60)
E: com.almasb.fxgl.app.MainWindow$1.invoke(MainWindow.kt:85)
E: com.almasb.fxgl.app.MainWindow$1.invoke(MainWindow.kt:38)
E: com.almasb.fxgl.app.MainWindow$sam$javafx_event_EventHandler$0.handle(MainWindow.kt)
E: javafx.base/com.sun.javafx.event.CompositeEventHandler$NormalEventHandlerRecord.handleBubblingEvent(CompositeEventHandler.java:247)
E: javafx.base/com.sun.javafx.event.CompositeEventHandler.dispatchBubblingEvent(CompositeEventHandler.java:80)
E: javafx.base/com.sun.javafx.event.EventHandlerManager.dispatchBubblingEvent(EventHandlerManager.java:234)
E: javafx.base/com.sun.javafx.event.EventHandlerManager.dispatchBubblingEvent(EventHandlerManager.java:191)
E: javafx.base/com.sun.javafx.event.CompositeEventDispatcher.dispatchBubblingEvent(CompositeEventDispatcher.java:59)
E: javafx.base/com.sun.javafx.event.BasicEventDispatcher.dispatchEvent(BasicEventDispatcher.java:58)
E: javafx.base/com.sun.javafx.event.EventDispatchChainImpl.dispatchEvent(EventDispatchChainImpl.java:114)
E: javafx.base/com.sun.javafx.event.BasicEventDispatcher.dispatchEvent(BasicEventDispatcher.java:56)
E: javafx.base/com.sun.javafx.event.EventDispatchChainImpl.dispatchEvent(EventDispatchChainImpl.java:114)
E: javafx.base/com.sun.javafx.event.EventUtil.fireEventImpl(EventUtil.java:74)
E: javafx.base/com.sun.javafx.event.EventUtil.fireEvent(EventUtil.java:54)
E: javafx.base/javafx.event.Event.fireEvent(Event.java:198)
E: javafx.graphics/javafx.scene.Scene$KeyHandler.process(Scene.java:4064)
E: javafx.graphics/javafx.scene.Scene.processKeyEvent(Scene.java:2123)
E: javafx.graphics/javafx.scene.Scene$ScenePeerListener.keyEvent(Scene.java:2591)
E: javafx.graphics/com.sun.javafx.tk.quantum.GlassViewEventHandler$KeyEventNotification.run(GlassViewEventHandler.java:217)
E: javafx.graphics/com.sun.javafx.tk.quantum.GlassViewEventHandler$KeyEventNotification.run(GlassViewEventHandler.java:149)
E: java.base/java.security.AccessController.doPrivileged(AccessController.java:391)
E: javafx.graphics/com.sun.javafx.tk.quantum.GlassViewEventHandler.lambda$handleKeyEvent$1(GlassViewEventHandler.java:248)
E: javafx.graphics/com.sun.javafx.tk.quantum.QuantumToolkit.runWithoutRenderLock(QuantumToolkit.java:412)
E: javafx.graphics/com.sun.javafx.tk.quantum.GlassViewEventHandler.handleKeyEvent(GlassViewEventHandler.java:247)
E: javafx.graphics/com.sun.glass.ui.View.handleKeyEvent(View.java:547)
E: javafx.graphics/com.sun.glass.ui.View.notifyKey(View.java:971)

21:22:47.106 [JavaFX Application Thread] FATAL GameApplication      - Application will now exit
21:22:47.106 [JavaFX Application Thread] DEBUG GameApplication      - Exiting FXGL
21:22:47.106 [JavaFX Application Thread] DEBUG GameApplication      - Shutting down background threads
21:22:47.106 [JavaFX Application Thread] DEBUG GameApplication      - Closing logger and exiting JavaFX
