21:25:00.474 [main                     ] DEBUG GameApplication      - Logger initialized
21:25:00.485 [main                     ] DEBUG GameApplication      - Logging settings
Title: Snake Game App
Version: 0.1
Width: 600
Height: 600
Fullscreen: false
Intro: false
Menus: false
Profiling: false
Single step:false
App Mode: DEVELOPER
Menu Key: ESCAPE
Stage Style: DECORATED
Scene Factory: class com.almasb.fxgl.app.scene.SceneFactory

21:25:00.758 [JavaFX Application Thread] DEBUG GameApplication      - Initializing FXGL
21:25:00.779 [JavaFX Application Thread] INFO  Engine               - FXGL-11.8 (08.03.2020 09.09) on MAC (J:15.0.2 FX:15.0.1)
21:25:00.779 [JavaFX Application Thread] INFO  Engine               - Source code and latest versions at: https://github.com/AlmasB/FXGL
21:25:00.779 [JavaFX Application Thread] INFO  Engine               -              Join the FXGL chat at: https://gitter.im/AlmasB/FXGL
21:25:00.864 [JavaFX Application Thread] DEBUG MainWindow           - Creating a JavaFX scene
21:25:00.916 [JavaFX Application Thread] DEBUG MainWindow           - Target settings size: 600.0 x 600.0
21:25:00.916 [JavaFX Application Thread] DEBUG MainWindow           - Scaled scene size:    600.0 x 600.0
21:25:00.917 [JavaFX Application Thread] DEBUG MainWindow           - Scaled ratio: (1.0, 1.0)
21:25:00.918 [JavaFX Application Thread] DEBUG MainWindow           - Set initial scene to FXGLStartupScene
21:25:00.923 [JavaFX Application Thread] DEBUG MainWindow           - Opening main window
21:25:01.004 [JavaFX Application Thread] DEBUG MainWindow           - Window border size: (0.0, 28.0)
21:25:01.004 [JavaFX Application Thread] DEBUG MainWindow           - Scaled size: 600.0 x 600.0
21:25:01.004 [JavaFX Application Thread] DEBUG MainWindow           - Scaled ratio: (1.0, 1.0)
21:25:01.005 [JavaFX Application Thread] DEBUG MainWindow           - Scene size: 600.0 x 600.0
21:25:01.005 [JavaFX Application Thread] DEBUG MainWindow           - Stage size: 600.0 x 628.0
21:25:01.010 [FXGL Background Thread 1 ] DEBUG Engine               - Initializing environment variables
21:25:01.040 [FXGL Background Thread 1 ] DEBUG WindowService        - Applying CSS: fxgl_dark.css
21:25:01.041 [FXGL Background Thread 1 ] DEBUG AssetLoaderService   - Loading from file system: /assets/ui/css/fxgl_dark.css
21:25:01.104 [FXGL Background Thread 1 ] DEBUG WindowService        - Initializing application scenes
21:25:01.503 [FXGL Background Thread 1 ] DEBUG GameWorld            - Game world initialized
21:25:01.528 [FXGL Background Thread 1 ] DEBUG PhysicsWorld         - Physics world initialized: appHeight=600, physics.ppm=50,0
21:25:01.529 [FXGL Background Thread 1 ] DEBUG GameScene            - Game scene initialized: 600x600
21:25:01.535 [FXGL Background Thread 1 ] DEBUG Input                - Registered new binding: Resume - Esc
21:25:01.539 [FXGL Background Thread 1 ] DEBUG AssetLoaderService   - Loading from file system: /assets/textures/pause_menu_bg.png
21:25:01.568 [FXGL Background Thread 1 ] DEBUG Input                - Registered new binding: Pause - Esc
21:25:01.568 [FXGL Background Thread 1 ] DEBUG WindowService        - Application scenes initialized
21:25:01.576 [FXGL Background Thread 1 ] DEBUG SystemBundleService  - Loading FXGL system data
21:25:01.595 [FXGL Background Thread 1 ] DEBUG FileSystemAccess     - Reading from: /Users/dealcantarac/projects/private/gamesfx/system/fxgl.bundle
21:25:01.601 [FXGL Background Thread 1 ] DEBUG SystemBundleService  - Bundle FXGL: {}
21:25:01.602 [FXGL Background Thread 1 ] INFO  Engine               - FXGL initialization took: 0,590 sec
21:25:01.603 [FXGL Background Thread 1 ] DEBUG GameApplication      - Loading localizations
21:25:01.603 [FXGL Background Thread 1 ] DEBUG AssetLoaderService   - Loading from file system: /assets/properties/languages/english.properties
21:25:01.605 [FXGL Background Thread 1 ] DEBUG AssetLoaderService   - Loading from file system: /assets/properties/languages/french.properties
21:25:01.606 [FXGL Background Thread 1 ] DEBUG AssetLoaderService   - Loading from file system: /assets/properties/languages/german.properties
21:25:01.608 [FXGL Background Thread 1 ] DEBUG AssetLoaderService   - Loading from file system: /assets/properties/languages/hungarian.properties
21:25:01.609 [FXGL Background Thread 1 ] DEBUG AssetLoaderService   - Loading from file system: /assets/properties/languages/russian.properties
21:25:01.610 [FXGL Background Thread 1 ] DEBUG GameApplication      - Registering font factories with UI factory
21:25:01.610 [FXGL Background Thread 1 ] DEBUG AssetLoaderService   - Loading from file system: /assets/ui/fonts/VarelaRound-Regular.ttf
21:25:01.649 [FXGL Background Thread 1 ] DEBUG AssetLoaderService   - Loading from file system: /assets/ui/fonts/Abel-Regular.ttf
21:25:01.653 [FXGL Background Thread 1 ] DEBUG AssetLoaderService   - Loading from file system: /assets/ui/fonts/lucida_console.ttf
21:25:01.658 [FXGL Background Thread 1 ] DEBUG AssetLoaderService   - Loading from file system: /assets/ui/fonts/Courier-Prime.ttf
21:25:01.664 [JavaFX Application Thread] DEBUG Input                - Registered new binding: Move Up - Up
21:25:01.664 [JavaFX Application Thread] DEBUG Input                - Registered new binding: Move Left - Left
21:25:01.664 [JavaFX Application Thread] DEBUG Input                - Registered new binding: Move Down - Down
21:25:01.665 [JavaFX Application Thread] DEBUG Input                - Registered new binding: Move Right - Right
21:25:01.665 [JavaFX Application Thread] DEBUG AssetLoaderService   - Loading from file system: /assets/textures/fxgl_icon.png
21:25:01.695 [JavaFX Application Thread] DEBUG AssetLoaderService   - Loading from file system: /assets/ui/cursors/fxgl_default.png
21:25:01.697 [JavaFX Application Thread] DEBUG Input                - Registered new binding: Screenshot - P
21:25:01.697 [JavaFX Application Thread] DEBUG Input                - Registered new binding: System info dump - CTRL+9
21:25:01.698 [JavaFX Application Thread] DEBUG Input                - Registered new binding: Restart - CTRL+R
21:25:01.698 [JavaFX Application Thread] DEBUG LoopRunner           - Starting loop
21:25:01.731 [JavaFX Application Thread] DEBUG FXGLStartupScene     - STARTUP
21:25:01.731 [JavaFX Application Thread] DEBUG WindowService        - Starting new game
21:25:01.732 [JavaFX Application Thread] DEBUG Input                - Clearing active input actions
21:25:01.741 [JavaFX Application Thread] DEBUG WindowService        - Removing overlay from FXGLStartupScene and adding to FXGLLoadingScene
21:25:01.741 [JavaFX Application Thread] DEBUG MainWindow           - FXGLStartupScene -> FXGLLoadingScene
21:25:01.741 [JavaFX Application Thread] DEBUG WindowService        - Clearing previous game
21:25:01.742 [JavaFX Application Thread] DEBUG GameScene            - Clearing game scene
21:25:01.742 [JavaFX Application Thread] DEBUG GameWorld            - Clearing game world
21:25:01.742 [JavaFX Application Thread] DEBUG PhysicsWorld         - Clearing physics world
21:25:01.743 [FXGL Background Thread 1 ] DEBUG GameApplication      - Initializing game
21:25:01.777 [FXGL Background Thread 1 ] INFO  GameApplication      - Game initialization took: 0,034 sec
21:25:01.826 [JavaFX Application Thread] DEBUG Input                - Clearing active input actions
21:25:01.832 [JavaFX Application Thread] DEBUG WindowService        - Removing overlay from FXGLLoadingScene and adding to GameScene
21:25:01.832 [JavaFX Application Thread] DEBUG MainWindow           - FXGLLoadingScene -> GameScene
21:25:04.604 [FXGL Background Thread 2 ] DEBUG Engine               - Logging environment variables
21:25:04.604 [FXGL Background Thread 2 ] DEBUG Engine               - achievements: []
21:25:04.604 [FXGL Background Thread 2 ] DEBUG Engine               - language: ObjectProperty [value: ENGLISH]
21:25:04.605 [FXGL Background Thread 2 ] DEBUG Engine               - isCloseConfirmation: false
21:25:04.605 [FXGL Background Thread 2 ] DEBUG Engine               - isProfilingEnabled: false
21:25:04.605 [FXGL Background Thread 2 ] DEBUG Engine               - soundNotification: core/notification.wav
21:25:04.605 [FXGL Background Thread 2 ] DEBUG Engine               - devShowBBoxProperty: BooleanProperty [value: false]
21:25:04.605 [FXGL Background Thread 2 ] DEBUG Engine               - pixelsPerMeter: 50.0
21:25:04.606 [FXGL Background Thread 2 ] DEBUG Engine               - appIcon: fxgl_icon.png
21:25:04.606 [FXGL Background Thread 2 ] DEBUG Engine               - soundMenuBack: menu/back.wav
21:25:04.606 [FXGL Background Thread 2 ] DEBUG Engine               - isFullScreenAllowed: false
21:25:04.606 [FXGL Background Thread 2 ] DEBUG Engine               - isIntroEnabled: false
21:25:04.606 [FXGL Background Thread 2 ] DEBUG Engine               - fontMono: lucida_console.ttf
21:25:04.607 [FXGL Background Thread 2 ] DEBUG Engine               - soundMenuSelect: menu/select.wav
21:25:04.607 [FXGL Background Thread 2 ] DEBUG Engine               - isWindows: false
21:25:04.607 [FXGL Background Thread 2 ] DEBUG Engine               - isMobile: false
21:25:04.607 [FXGL Background Thread 2 ] DEBUG Engine               - isUserProfileEnabled: false
21:25:04.608 [FXGL Background Thread 2 ] DEBUG Engine               - height: 600
21:25:04.608 [FXGL Background Thread 2 ] DEBUG Engine               - isExperimentalNative: false
21:25:04.608 [FXGL Background Thread 2 ] DEBUG Engine               - settings: Title: Snake Game App
Version: 0.1
Width: 600
Height: 600
Fullscreen: false
Intro: false
Menus: false
Profiling: false
Single step:false
App Mode: DEVELOPER
Menu Key: ESCAPE
Stage Style: DECORATED
Scene Factory: class com.almasb.fxgl.app.scene.SceneFactory

21:25:04.608 [FXGL Background Thread 2 ] DEBUG Engine               - isSingleStep: false
21:25:04.608 [FXGL Background Thread 2 ] DEBUG Engine               - cSSList: [fxgl_dark.css]
21:25:04.608 [FXGL Background Thread 2 ] DEBUG Engine               - fontGame: Abel-Regular.ttf
21:25:04.609 [FXGL Background Thread 2 ] DEBUG Engine               - menuKey: ESCAPE
21:25:04.609 [FXGL Background Thread 2 ] DEBUG Engine               - devShowPositionProperty: BooleanProperty [value: false]
21:25:04.609 [FXGL Background Thread 2 ] DEBUG Engine               - versionCheckDays: 7
21:25:04.609 [FXGL Background Thread 2 ] DEBUG Engine               - configClass: Optional.empty
21:25:04.610 [FXGL Background Thread 2 ] DEBUG Engine               - isFullScreenFromStart: false
21:25:04.610 [FXGL Background Thread 2 ] DEBUG Engine               - version: 0.1
21:25:04.610 [FXGL Background Thread 2 ] DEBUG Engine               - fullScreen: BooleanProperty [value: false]
21:25:04.610 [FXGL Background Thread 2 ] DEBUG Engine               - randomSeed: -1
21:25:04.610 [FXGL Background Thread 2 ] DEBUG Engine               - gameDifficultyProperty: ObjectProperty [value: MEDIUM]
21:25:04.610 [FXGL Background Thread 2 ] DEBUG Engine               - applicationMode: DEVELOPER
21:25:04.611 [FXGL Background Thread 2 ] DEBUG Engine               - isMac: true
21:25:04.611 [FXGL Background Thread 2 ] DEBUG Engine               - isMenuEnabled: false
21:25:04.611 [FXGL Background Thread 2 ] DEBUG Engine               - urlPOM: https://raw.githubusercontent.com/AlmasB/FXGL/master/pom.xml
21:25:04.611 [FXGL Background Thread 2 ] DEBUG Engine               - profileName: StringProperty [value: DEFAULT]
21:25:04.611 [FXGL Background Thread 2 ] DEBUG Engine               - devSensorColorProperty: ObjectProperty [value: 0xffff00ff]
21:25:04.612 [FXGL Background Thread 2 ] DEBUG Engine               - notificationViewClass: class com.almasb.fxgl.notification.view.XboxNotificationView
21:25:04.612 [FXGL Background Thread 2 ] DEBUG Engine               - sceneFactory: com.almasb.fxgl.app.scene.SceneFactory@558b3734
21:25:04.612 [FXGL Background Thread 2 ] DEBUG Engine               - stageStyle: DECORATED
21:25:04.612 [FXGL Background Thread 2 ] DEBUG Engine               - isManualResizeEnabled: false
21:25:04.612 [FXGL Background Thread 2 ] DEBUG Engine               - title: Snake Game App
21:25:04.612 [FXGL Background Thread 2 ] DEBUG Engine               - platform: MAC
21:25:04.613 [FXGL Background Thread 2 ] DEBUG Engine               - devBBoxColorProperty: ObjectProperty [value: 0xff0000ff]
21:25:04.613 [FXGL Background Thread 2 ] DEBUG Engine               - gameDifficulty: MEDIUM
21:25:04.613 [FXGL Background Thread 2 ] DEBUG Engine               - isDesktop: true
21:25:04.613 [FXGL Background Thread 2 ] DEBUG Engine               - supportedLanguages: [ENGLISH, FRENCH, GERMAN, HUNGARIAN, RUSSIAN]
21:25:04.613 [FXGL Background Thread 2 ] DEBUG Engine               - globalMusicVolumeProperty: DoubleProperty [value: 0.5]
21:25:04.613 [FXGL Background Thread 2 ] DEBUG Engine               - credits: []
21:25:04.614 [FXGL Background Thread 2 ] DEBUG Engine               - isPreserveResizeRatio: false
21:25:04.614 [FXGL Background Thread 2 ] DEBUG Engine               - fontText: Courier-Prime.ttf
21:25:04.614 [FXGL Background Thread 2 ] DEBUG Engine               - isExperimentalTiledLargeMap: false
21:25:04.614 [FXGL Background Thread 2 ] DEBUG Engine               - secondsIn24h: 60
21:25:04.614 [FXGL Background Thread 2 ] DEBUG Engine               - runtimeInfo: RuntimeInfo(platform=MAC, version=11.8, build=08.03.2020 09.09)
21:25:04.614 [FXGL Background Thread 2 ] DEBUG Engine               - isLinux: false
21:25:04.614 [FXGL Background Thread 2 ] DEBUG Engine               - urlGithub: https://github.com/AlmasB/FXGL
21:25:04.615 [FXGL Background Thread 2 ] DEBUG Engine               - soundMenuPress: menu/press.wav
21:25:04.615 [FXGL Background Thread 2 ] DEBUG Engine               - profileDir: profiles/
21:25:04.615 [FXGL Background Thread 2 ] DEBUG Engine               - globalSoundVolumeProperty: DoubleProperty [value: 0.5]
21:25:04.615 [FXGL Background Thread 2 ] DEBUG Engine               - isDeveloperMenuEnabled: false
21:25:04.616 [FXGL Background Thread 2 ] DEBUG Engine               - mainWindow: com.almasb.fxgl.app.MainWindow@51b4a95d
21:25:04.616 [FXGL Background Thread 2 ] DEBUG Engine               - isBrowser: false
21:25:04.616 [FXGL Background Thread 2 ] DEBUG Engine               - urlLeaderboard: http://fxgl-top.herokuapp.com/
21:25:04.616 [FXGL Background Thread 2 ] DEBUG Engine               - globalSoundVolume: 0.5
21:25:04.616 [FXGL Background Thread 2 ] DEBUG Engine               - engineServices: [class com.almasb.fxgl.app.GameApplication$GameApplicationService, class com.almasb.fxgl.app.services.WindowService, class com.almasb.fxgl.app.services.FXGLDialogService, class com.almasb.fxgl.app.services.IOTaskExecutorService, class com.almasb.fxgl.event.EventBusService, class com.almasb.fxgl.io.FileSystemService, class com.almasb.fxgl.localization.LocalizationService, class com.almasb.fxgl.app.services.AssetLoaderService, class com.almasb.fxgl.app.services.SystemBundleService, class com.almasb.fxgl.profile.SaveLoadService, class com.almasb.fxgl.ui.FXGLUIFactoryServiceProvider, class com.almasb.fxgl.ui.FXGLDialogFactoryServiceProvider, class com.almasb.fxgl.audio.AudioPlayer, class com.almasb.fxgl.notification.impl.NotificationServiceProvider, class com.almasb.fxgl.achievement.AchievementService, class com.almasb.fxgl.cutscene.CutsceneService, class com.almasb.fxgl.minigames.MiniGameService, class com.almasb.fxgl.net.NetService, class com.almasb.fxgl.app.services.UpdaterService]
21:25:04.616 [FXGL Background Thread 2 ] DEBUG Engine               - globalMusicVolume: 0.5
21:25:04.616 [FXGL Background Thread 2 ] DEBUG Engine               - width: 600
21:25:04.616 [FXGL Background Thread 2 ] DEBUG Engine               - saveFileExt: sav
21:25:04.617 [FXGL Background Thread 2 ] DEBUG Engine               - isAndroid: false
21:25:04.617 [FXGL Background Thread 2 ] DEBUG Engine               - fontUI: VarelaRound-Regular.ttf
21:25:04.617 [FXGL Background Thread 2 ] DEBUG Engine               - isIOS: false
21:25:04.617 [FXGL Background Thread 2 ] DEBUG Engine               - enabledMenuItems: []
21:25:04.617 [FXGL Background Thread 2 ] DEBUG Engine               - Logging services
21:25:04.617 [FXGL Background Thread 2 ] DEBUG Engine               - class com.almasb.fxgl.app.GameApplication$GameApplicationService
21:25:04.617 [FXGL Background Thread 2 ] DEBUG Engine               - class com.almasb.fxgl.app.services.WindowService
21:25:04.617 [FXGL Background Thread 2 ] DEBUG Engine               - class com.almasb.fxgl.app.services.FXGLDialogService
21:25:04.618 [FXGL Background Thread 2 ] DEBUG Engine               - class com.almasb.fxgl.app.services.IOTaskExecutorService
21:25:04.618 [FXGL Background Thread 2 ] DEBUG Engine               - class com.almasb.fxgl.event.EventBusService
21:25:04.618 [FXGL Background Thread 2 ] DEBUG Engine               - class com.almasb.fxgl.io.FileSystemService
21:25:04.618 [FXGL Background Thread 2 ] DEBUG Engine               - class com.almasb.fxgl.localization.LocalizationService
21:25:04.618 [FXGL Background Thread 2 ] DEBUG Engine               - class com.almasb.fxgl.app.services.AssetLoaderService
21:25:04.618 [FXGL Background Thread 2 ] DEBUG Engine               - class com.almasb.fxgl.app.services.SystemBundleService
21:25:04.618 [FXGL Background Thread 2 ] DEBUG Engine               - class com.almasb.fxgl.profile.SaveLoadService
21:25:04.618 [FXGL Background Thread 2 ] DEBUG Engine               - class com.almasb.fxgl.ui.FXGLUIFactoryServiceProvider
21:25:04.619 [FXGL Background Thread 2 ] DEBUG Engine               - class com.almasb.fxgl.ui.FXGLDialogFactoryServiceProvider
21:25:04.619 [FXGL Background Thread 2 ] DEBUG Engine               - class com.almasb.fxgl.audio.AudioPlayer
21:25:04.619 [FXGL Background Thread 2 ] DEBUG Engine               - class com.almasb.fxgl.notification.impl.NotificationServiceProvider
21:25:04.619 [FXGL Background Thread 2 ] DEBUG Engine               - class com.almasb.fxgl.achievement.AchievementService
21:25:04.619 [FXGL Background Thread 2 ] DEBUG Engine               - class com.almasb.fxgl.cutscene.CutsceneService
21:25:04.619 [FXGL Background Thread 2 ] DEBUG Engine               - class com.almasb.fxgl.minigames.MiniGameService
21:25:04.619 [FXGL Background Thread 2 ] DEBUG Engine               - class com.almasb.fxgl.net.NetService
21:25:04.619 [FXGL Background Thread 2 ] DEBUG Engine               - class com.almasb.fxgl.app.services.UpdaterService
21:25:41.592 [JavaFX Application Thread] DEBUG GameApplication      - Exiting FXGL
21:25:41.593 [JavaFX Application Thread] DEBUG LoopRunner           - Stopping loop
21:25:41.593 [JavaFX Application Thread] DEBUG SystemBundleService  - Saving FXGL system data
21:25:41.595 [JavaFX Application Thread] DEBUG FileSystemAccess     - Writing to: /Users/dealcantarac/projects/private/gamesfx/system/fxgl.bundle
21:25:41.596 [JavaFX Application Thread] DEBUG GameApplication      - Shutting down background threads
21:25:41.597 [JavaFX Application Thread] DEBUG GameApplication      - Closing logger and exiting JavaFX
